<?xml version="1.0" encoding="UTF-8"?>
<!-- Generated by org.testng.reporters.JUnitReportReporter -->
<testsuite hostname="LAPTOP-CNFHQJ6N" failures="0" tests="1" name="loginapplications.WrongUsernameAndCorrectPassword" time="17.857" errors="0" timestamp="2023-09-07T22:44:23 IST" skipped="0">
  <testcase classname="loginapplications.WrongUsernameAndCorrectPassword" name="Testcase3" time="17.857"/>
  <system-out/>
</testsuite> <!-- loginapplications.WrongUsernameAndCorrectPassword -->
